<?xml version="1.0" encoding="UTF-8"?>
<!-- Generated by org.testng.reporters.JUnitXMLReporter -->
<testsuite ignored="0" hostname="Umas-MacBook-Air.local" failures="0" tests="3" name="Default test" time="16.074" errors="0" timestamp="2021-05-17T14:06:42 GMT-07:00">
  <testcase classname="com.TestCases.CaseOne" name="OpenBrowser" time="15.985"/>
  <testcase classname="com.TestCases.CaseOne" name="TestTwo" time="0.002"/>
  <testcase classname="com.TestCases.CaseOne" name="TestOne" time="0.001"/>
</testsuite> <!-- Default test -->
